#! /usr/local/bin/vvp
:ivl_version "13.0 (devel)" "(s20221226-518-g94d9d1951)";
:ivl_delay_selection "TYPICAL";
:vpi_time_precision + 0;
:vpi_module "/usr/local/lib/ivl/system.vpi";
:vpi_module "/usr/local/lib/ivl/vhdl_sys.vpi";
:vpi_module "/usr/local/lib/ivl/vhdl_textio.vpi";
:vpi_module "/usr/local/lib/ivl/v2005_math.vpi";
:vpi_module "/usr/local/lib/ivl/va_math.vpi";
S_0x55e60f0cf770 .scope module, "testbench" "testbench" 2 1;
 .timescale 0 0;
v0x55e60f0ebb60_0 .var "BCD", 3 0;
v0x55e60f0ebc40_0 .net "a", 0 0, v0x55e60f0ba7c0_0;  1 drivers
v0x55e60f0ebd10_0 .net "b", 0 0, v0x55e60f0eb4d0_0;  1 drivers
v0x55e60f0ebe10_0 .net "c", 0 0, v0x55e60f0eb570_0;  1 drivers
v0x55e60f0ebee0_0 .net "d", 0 0, v0x55e60f0eb630_0;  1 drivers
v0x55e60f0ebf80_0 .net "e", 0 0, v0x55e60f0eb740_0;  1 drivers
v0x55e60f0ec050_0 .net "error", 0 0, v0x55e60f0eb800_0;  1 drivers
v0x55e60f0ec120_0 .net "f", 0 0, v0x55e60f0eb8c0_0;  1 drivers
v0x55e60f0ec1f0_0 .net "g", 0 0, v0x55e60f0eb980_0;  1 drivers
S_0x55e60f0cf900 .scope module, "utt" "BCD_to_7Segment" 2 4, 3 1 0, S_0x55e60f0cf770;
 .timescale 0 0;
    .port_info 0 /INPUT 4 "BCD";
    .port_info 1 /OUTPUT 1 "a";
    .port_info 2 /OUTPUT 1 "b";
    .port_info 3 /OUTPUT 1 "c";
    .port_info 4 /OUTPUT 1 "d";
    .port_info 5 /OUTPUT 1 "e";
    .port_info 6 /OUTPUT 1 "f";
    .port_info 7 /OUTPUT 1 "g";
    .port_info 8 /OUTPUT 1 "error";
v0x55e60f0ba720_0 .net "BCD", 3 0, v0x55e60f0ebb60_0;  1 drivers
v0x55e60f0ba7c0_0 .var "a", 0 0;
v0x55e60f0eb4d0_0 .var "b", 0 0;
v0x55e60f0eb570_0 .var "c", 0 0;
v0x55e60f0eb630_0 .var "d", 0 0;
v0x55e60f0eb740_0 .var "e", 0 0;
v0x55e60f0eb800_0 .var "error", 0 0;
v0x55e60f0eb8c0_0 .var "f", 0 0;
v0x55e60f0eb980_0 .var "g", 0 0;
E_0x55e60f0c9130 .event anyedge, v0x55e60f0ba720_0;
    .scope S_0x55e60f0cf900;
T_0 ;
    %pushi/vec4 0, 0, 1;
    %store/vec4 v0x55e60f0eb800_0, 0, 1;
    %end;
    .thread T_0;
    .scope S_0x55e60f0cf900;
T_1 ;
    %wait E_0x55e60f0c9130;
    %load/vec4 v0x55e60f0ba720_0;
    %dup/vec4;
    %pushi/vec4 0, 0, 4;
    %cmp/u;
    %jmp/1 T_1.0, 6;
    %dup/vec4;
    %pushi/vec4 1, 0, 4;
    %cmp/u;
    %jmp/1 T_1.1, 6;
    %dup/vec4;
    %pushi/vec4 2, 0, 4;
    %cmp/u;
    %jmp/1 T_1.2, 6;
    %dup/vec4;
    %pushi/vec4 3, 0, 4;
    %cmp/u;
    %jmp/1 T_1.3, 6;
    %dup/vec4;
    %pushi/vec4 4, 0, 4;
    %cmp/u;
    %jmp/1 T_1.4, 6;
    %dup/vec4;
    %pushi/vec4 5, 0, 4;
    %cmp/u;
    %jmp/1 T_1.5, 6;
    %dup/vec4;
    %pushi/vec4 6, 0, 4;
    %cmp/u;
    %jmp/1 T_1.6, 6;
    %dup/vec4;
    %pushi/vec4 7, 0, 4;
    %cmp/u;
    %jmp/1 T_1.7, 6;
    %dup/vec4;
    %pushi/vec4 8, 0, 4;
    %cmp/u;
    %jmp/1 T_1.8, 6;
    %dup/vec4;
    %pushi/vec4 9, 0, 4;
    %cmp/u;
    %jmp/1 T_1.9, 6;
    %pushi/vec4 0, 0, 7;
    %split/vec4 1;
    %store/vec4 v0x55e60f0eb980_0, 0, 1;
    %split/vec4 1;
    %store/vec4 v0x55e60f0eb8c0_0, 0, 1;
    %split/vec4 1;
    %store/vec4 v0x55e60f0eb740_0, 0, 1;
    %split/vec4 1;
    %store/vec4 v0x55e60f0eb630_0, 0, 1;
    %split/vec4 1;
    %store/vec4 v0x55e60f0eb570_0, 0, 1;
    %split/vec4 1;
    %store/vec4 v0x55e60f0eb4d0_0, 0, 1;
    %store/vec4 v0x55e60f0ba7c0_0, 0, 1;
    %pushi/vec4 1, 0, 1;
    %store/vec4 v0x55e60f0eb800_0, 0, 1;
    %jmp T_1.11;
T_1.0 ;
    %pushi/vec4 126, 0, 7;
    %split/vec4 1;
    %store/vec4 v0x55e60f0eb980_0, 0, 1;
    %split/vec4 1;
    %store/vec4 v0x55e60f0eb8c0_0, 0, 1;
    %split/vec4 1;
    %store/vec4 v0x55e60f0eb740_0, 0, 1;
    %split/vec4 1;
    %store/vec4 v0x55e60f0eb630_0, 0, 1;
    %split/vec4 1;
    %store/vec4 v0x55e60f0eb570_0, 0, 1;
    %split/vec4 1;
    %store/vec4 v0x55e60f0eb4d0_0, 0, 1;
    %store/vec4 v0x55e60f0ba7c0_0, 0, 1;
    %jmp T_1.11;
T_1.1 ;
    %pushi/vec4 48, 0, 7;
    %split/vec4 1;
    %store/vec4 v0x55e60f0eb980_0, 0, 1;
    %split/vec4 1;
    %store/vec4 v0x55e60f0eb8c0_0, 0, 1;
    %split/vec4 1;
    %store/vec4 v0x55e60f0eb740_0, 0, 1;
    %split/vec4 1;
    %store/vec4 v0x55e60f0eb630_0, 0, 1;
    %split/vec4 1;
    %store/vec4 v0x55e60f0eb570_0, 0, 1;
    %split/vec4 1;
    %store/vec4 v0x55e60f0eb4d0_0, 0, 1;
    %store/vec4 v0x55e60f0ba7c0_0, 0, 1;
    %jmp T_1.11;
T_1.2 ;
    %pushi/vec4 109, 0, 7;
    %split/vec4 1;
    %store/vec4 v0x55e60f0eb980_0, 0, 1;
    %split/vec4 1;
    %store/vec4 v0x55e60f0eb8c0_0, 0, 1;
    %split/vec4 1;
    %store/vec4 v0x55e60f0eb740_0, 0, 1;
    %split/vec4 1;
    %store/vec4 v0x55e60f0eb630_0, 0, 1;
    %split/vec4 1;
    %store/vec4 v0x55e60f0eb570_0, 0, 1;
    %split/vec4 1;
    %store/vec4 v0x55e60f0eb4d0_0, 0, 1;
    %store/vec4 v0x55e60f0ba7c0_0, 0, 1;
    %jmp T_1.11;
T_1.3 ;
    %pushi/vec4 121, 0, 7;
    %split/vec4 1;
    %store/vec4 v0x55e60f0eb980_0, 0, 1;
    %split/vec4 1;
    %store/vec4 v0x55e60f0eb8c0_0, 0, 1;
    %split/vec4 1;
    %store/vec4 v0x55e60f0eb740_0, 0, 1;
    %split/vec4 1;
    %store/vec4 v0x55e60f0eb630_0, 0, 1;
    %split/vec4 1;
    %store/vec4 v0x55e60f0eb570_0, 0, 1;
    %split/vec4 1;
    %store/vec4 v0x55e60f0eb4d0_0, 0, 1;
    %store/vec4 v0x55e60f0ba7c0_0, 0, 1;
    %jmp T_1.11;
T_1.4 ;
    %pushi/vec4 51, 0, 7;
    %split/vec4 1;
    %store/vec4 v0x55e60f0eb980_0, 0, 1;
    %split/vec4 1;
    %store/vec4 v0x55e60f0eb8c0_0, 0, 1;
    %split/vec4 1;
    %store/vec4 v0x55e60f0eb740_0, 0, 1;
    %split/vec4 1;
    %store/vec4 v0x55e60f0eb630_0, 0, 1;
    %split/vec4 1;
    %store/vec4 v0x55e60f0eb570_0, 0, 1;
    %split/vec4 1;
    %store/vec4 v0x55e60f0eb4d0_0, 0, 1;
    %store/vec4 v0x55e60f0ba7c0_0, 0, 1;
    %jmp T_1.11;
T_1.5 ;
    %pushi/vec4 91, 0, 7;
    %split/vec4 1;
    %store/vec4 v0x55e60f0eb980_0, 0, 1;
    %split/vec4 1;
    %store/vec4 v0x55e60f0eb8c0_0, 0, 1;
    %split/vec4 1;
    %store/vec4 v0x55e60f0eb740_0, 0, 1;
    %split/vec4 1;
    %store/vec4 v0x55e60f0eb630_0, 0, 1;
    %split/vec4 1;
    %store/vec4 v0x55e60f0eb570_0, 0, 1;
    %split/vec4 1;
    %store/vec4 v0x55e60f0eb4d0_0, 0, 1;
    %store/vec4 v0x55e60f0ba7c0_0, 0, 1;
    %jmp T_1.11;
T_1.6 ;
    %pushi/vec4 95, 0, 7;
    %split/vec4 1;
    %store/vec4 v0x55e60f0eb980_0, 0, 1;
    %split/vec4 1;
    %store/vec4 v0x55e60f0eb8c0_0, 0, 1;
    %split/vec4 1;
    %store/vec4 v0x55e60f0eb740_0, 0, 1;
    %split/vec4 1;
    %store/vec4 v0x55e60f0eb630_0, 0, 1;
    %split/vec4 1;
    %store/vec4 v0x55e60f0eb570_0, 0, 1;
    %split/vec4 1;
    %store/vec4 v0x55e60f0eb4d0_0, 0, 1;
    %store/vec4 v0x55e60f0ba7c0_0, 0, 1;
    %jmp T_1.11;
T_1.7 ;
    %pushi/vec4 112, 0, 7;
    %split/vec4 1;
    %store/vec4 v0x55e60f0eb980_0, 0, 1;
    %split/vec4 1;
    %store/vec4 v0x55e60f0eb8c0_0, 0, 1;
    %split/vec4 1;
    %store/vec4 v0x55e60f0eb740_0, 0, 1;
    %split/vec4 1;
    %store/vec4 v0x55e60f0eb630_0, 0, 1;
    %split/vec4 1;
    %store/vec4 v0x55e60f0eb570_0, 0, 1;
    %split/vec4 1;
    %store/vec4 v0x55e60f0eb4d0_0, 0, 1;
    %store/vec4 v0x55e60f0ba7c0_0, 0, 1;
    %jmp T_1.11;
T_1.8 ;
    %pushi/vec4 127, 0, 7;
    %split/vec4 1;
    %store/vec4 v0x55e60f0eb980_0, 0, 1;
    %split/vec4 1;
    %store/vec4 v0x55e60f0eb8c0_0, 0, 1;
    %split/vec4 1;
    %store/vec4 v0x55e60f0eb740_0, 0, 1;
    %split/vec4 1;
    %store/vec4 v0x55e60f0eb630_0, 0, 1;
    %split/vec4 1;
    %store/vec4 v0x55e60f0eb570_0, 0, 1;
    %split/vec4 1;
    %store/vec4 v0x55e60f0eb4d0_0, 0, 1;
    %store/vec4 v0x55e60f0ba7c0_0, 0, 1;
    %jmp T_1.11;
T_1.9 ;
    %pushi/vec4 123, 0, 7;
    %split/vec4 1;
    %store/vec4 v0x55e60f0eb980_0, 0, 1;
    %split/vec4 1;
    %store/vec4 v0x55e60f0eb8c0_0, 0, 1;
    %split/vec4 1;
    %store/vec4 v0x55e60f0eb740_0, 0, 1;
    %split/vec4 1;
    %store/vec4 v0x55e60f0eb630_0, 0, 1;
    %split/vec4 1;
    %store/vec4 v0x55e60f0eb570_0, 0, 1;
    %split/vec4 1;
    %store/vec4 v0x55e60f0eb4d0_0, 0, 1;
    %store/vec4 v0x55e60f0ba7c0_0, 0, 1;
    %jmp T_1.11;
T_1.11 ;
    %pop/vec4 1;
    %jmp T_1;
    .thread T_1, $push;
    .scope S_0x55e60f0cf770;
T_2 ;
    %vpi_call 2 7 "$monitor", $time, "BCD[3]=%b,BCD[2]=%b,BCD[1]=%b,BCD[0]=%b,a=%b,b=%b,c=%b,d=%b,e=%b,f=%b,g=%b err=%b", &PV<v0x55e60f0ebb60_0, 3, 1>, &PV<v0x55e60f0ebb60_0, 2, 1>, &PV<v0x55e60f0ebb60_0, 1, 1>, &PV<v0x55e60f0ebb60_0, 0, 1>, v0x55e60f0ebc40_0, v0x55e60f0ebd10_0, v0x55e60f0ebe10_0, v0x55e60f0ebee0_0, v0x55e60f0ebf80_0, v0x55e60f0ec120_0, v0x55e60f0ec1f0_0, v0x55e60f0ec050_0 {0 0 0};
    %pushi/vec4 0, 0, 4;
    %store/vec4 v0x55e60f0ebb60_0, 0, 4;
    %delay 10, 0;
    %pushi/vec4 1, 0, 4;
    %store/vec4 v0x55e60f0ebb60_0, 0, 4;
    %delay 10, 0;
    %pushi/vec4 2, 0, 4;
    %store/vec4 v0x55e60f0ebb60_0, 0, 4;
    %delay 10, 0;
    %pushi/vec4 3, 0, 4;
    %store/vec4 v0x55e60f0ebb60_0, 0, 4;
    %delay 10, 0;
    %pushi/vec4 4, 0, 4;
    %store/vec4 v0x55e60f0ebb60_0, 0, 4;
    %delay 10, 0;
    %pushi/vec4 5, 0, 4;
    %store/vec4 v0x55e60f0ebb60_0, 0, 4;
    %delay 10, 0;
    %pushi/vec4 6, 0, 4;
    %store/vec4 v0x55e60f0ebb60_0, 0, 4;
    %delay 10, 0;
    %pushi/vec4 7, 0, 4;
    %store/vec4 v0x55e60f0ebb60_0, 0, 4;
    %delay 10, 0;
    %pushi/vec4 8, 0, 4;
    %store/vec4 v0x55e60f0ebb60_0, 0, 4;
    %delay 10, 0;
    %pushi/vec4 9, 0, 4;
    %store/vec4 v0x55e60f0ebb60_0, 0, 4;
    %delay 10, 0;
    %pushi/vec4 10, 0, 4;
    %store/vec4 v0x55e60f0ebb60_0, 0, 4;
    %delay 10, 0;
    %pushi/vec4 11, 0, 4;
    %store/vec4 v0x55e60f0ebb60_0, 0, 4;
    %delay 10, 0;
    %pushi/vec4 12, 0, 4;
    %store/vec4 v0x55e60f0ebb60_0, 0, 4;
    %delay 10, 0;
    %pushi/vec4 13, 0, 4;
    %store/vec4 v0x55e60f0ebb60_0, 0, 4;
    %delay 10, 0;
    %pushi/vec4 14, 0, 4;
    %store/vec4 v0x55e60f0ebb60_0, 0, 4;
    %delay 10, 0;
    %pushi/vec4 15, 0, 4;
    %store/vec4 v0x55e60f0ebb60_0, 0, 4;
    %delay 10, 0;
    %delay 10, 0;
    %vpi_call 2 25 "$finish" {0 0 0};
    %end;
    .thread T_2;
    .scope S_0x55e60f0cf770;
T_3 ;
    %vpi_call 2 30 "$dumpfile", "dump.vcd" {0 0 0};
    %vpi_call 2 31 "$dumpvars", 32'sb00000000000000000000000000000000, S_0x55e60f0cf770 {0 0 0};
    %delay 300, 0;
    %vpi_call 2 33 "$finish" {0 0 0};
    %end;
    .thread T_3;
# The file index is used to find the file name in the following table.
:file_names 4;
    "N/A";
    "<interactive>";
    "Testbench.sv";
    "Design.sv";
